2017-06-07 10:32:22 DEBUG PoolingClientConnectionManager:185 - Connection request: [route: {s}->https://jira.atlassian.com:443][total kept alive: 0; route allocated: 0 of 20; total allocated: 0 of 40]
2017-06-07 10:32:22 DEBUG PoolingClientConnectionManager:219 - Connection leased: [id: 0][route: {s}->https://jira.atlassian.com:443][total kept alive: 0; route allocated: 1 of 20; total allocated: 1 of 40]
2017-06-07 10:32:23 DEBUG DefaultClientConnectionOperator:177 - Connecting to jira.atlassian.com:443
2017-06-07 10:32:24 DEBUG RequestAddCookies:123 - CookieSpec selected: default
2017-06-07 10:32:24 DEBUG RequestAuthCache:77 - Auth cache not set in the context
2017-06-07 10:32:24 DEBUG RequestTargetAuthentication:80 - Target auth state: UNCHALLENGED
2017-06-07 10:32:24 DEBUG RequestProxyAuthentication:89 - Proxy auth state: UNCHALLENGED
2017-06-07 10:32:24 DEBUG DefaultHttpClient:682 - Attempt 1 to execute request
2017-06-07 10:32:24 DEBUG DefaultClientConnection:274 - Sending request: GET /rest/api/latest/filter/12844 HTTP/1.1
2017-06-07 10:32:24 DEBUG wire:73 -  >> "GET /rest/api/latest/filter/12844 HTTP/1.1[\r][\n]"
2017-06-07 10:32:24 DEBUG wire:73 -  >> "Accept: application/json[\r][\n]"
2017-06-07 10:32:24 DEBUG wire:73 -  >> "Host: jira.atlassian.com[\r][\n]"
2017-06-07 10:32:24 DEBUG wire:73 -  >> "Connection: Keep-Alive[\r][\n]"
2017-06-07 10:32:24 DEBUG wire:73 -  >> "User-Agent: Apache-HttpClient/4.5.3 (Java/1.8.0_131)[\r][\n]"
2017-06-07 10:32:24 DEBUG wire:73 -  >> "[\r][\n]"
2017-06-07 10:32:24 DEBUG headers:278 - >> GET /rest/api/latest/filter/12844 HTTP/1.1
2017-06-07 10:32:24 DEBUG headers:281 - >> Accept: application/json
2017-06-07 10:32:24 DEBUG headers:281 - >> Host: jira.atlassian.com
2017-06-07 10:32:24 DEBUG headers:281 - >> Connection: Keep-Alive
2017-06-07 10:32:24 DEBUG headers:281 - >> User-Agent: Apache-HttpClient/4.5.3 (Java/1.8.0_131)
2017-06-07 10:32:24 DEBUG wire:73 -  << "HTTP/1.1 200 OK[\r][\n]"
2017-06-07 10:32:24 DEBUG wire:73 -  << "Date: Wed, 07 Jun 2017 15:32:24 GMT[\r][\n]"
2017-06-07 10:32:24 DEBUG wire:73 -  << "Content-Type: application/json;charset=UTF-8[\r][\n]"
2017-06-07 10:32:24 DEBUG wire:73 -  << "Transfer-Encoding: chunked[\r][\n]"
2017-06-07 10:32:24 DEBUG wire:73 -  << "Connection: keep-alive[\r][\n]"
2017-06-07 10:32:24 DEBUG wire:73 -  << "X-AREQUESTID: 932x10851663x2[\r][\n]"
2017-06-07 10:32:24 DEBUG wire:73 -  << "X-ANODEID: node2[\r][\n]"
2017-06-07 10:32:24 DEBUG wire:73 -  << "X-ASEN: TestSEN[\r][\n]"
2017-06-07 10:32:24 DEBUG wire:73 -  << "X-AUSERNAME: anonymous[\r][\n]"
2017-06-07 10:32:24 DEBUG wire:73 -  << "Cache-Control: no-cache, no-store, no-transform[\r][\n]"
2017-06-07 10:32:24 DEBUG wire:73 -  << "X-Content-Type-Options: nosniff[\r][\n]"
2017-06-07 10:32:24 DEBUG wire:73 -  << "Set-Cookie: atlassian.xsrf.token=AKVY-YUFR-9LM7-97AB|bb3cf7785dd8f4ea23f3f72ac3c705e4ef2c947c|lout;path=/;Secure[\r][\n]"
2017-06-07 10:32:24 DEBUG wire:73 -  << "X-Robots-Tag: noarchive[\r][\n]"
2017-06-07 10:32:24 DEBUG wire:73 -  << "Vary: Accept-Encoding[\r][\n]"
2017-06-07 10:32:24 DEBUG wire:73 -  << "[\r][\n]"
2017-06-07 10:32:24 DEBUG DefaultClientConnection:259 - Receiving response: HTTP/1.1 200 OK
2017-06-07 10:32:24 DEBUG headers:262 - << HTTP/1.1 200 OK
2017-06-07 10:32:24 DEBUG headers:265 - << Date: Wed, 07 Jun 2017 15:32:24 GMT
2017-06-07 10:32:24 DEBUG headers:265 - << Content-Type: application/json;charset=UTF-8
2017-06-07 10:32:24 DEBUG headers:265 - << Transfer-Encoding: chunked
2017-06-07 10:32:24 DEBUG headers:265 - << Connection: keep-alive
2017-06-07 10:32:24 DEBUG headers:265 - << X-AREQUESTID: 932x10851663x2
2017-06-07 10:32:24 DEBUG headers:265 - << X-ANODEID: node2
2017-06-07 10:32:24 DEBUG headers:265 - << X-ASEN: TestSEN
2017-06-07 10:32:24 DEBUG headers:265 - << X-AUSERNAME: anonymous
2017-06-07 10:32:24 DEBUG headers:265 - << Cache-Control: no-cache, no-store, no-transform
2017-06-07 10:32:24 DEBUG headers:265 - << X-Content-Type-Options: nosniff
2017-06-07 10:32:24 DEBUG headers:265 - << Set-Cookie: atlassian.xsrf.token=AKVY-YUFR-9LM7-97AB|bb3cf7785dd8f4ea23f3f72ac3c705e4ef2c947c|lout;path=/;Secure
2017-06-07 10:32:24 DEBUG headers:265 - << X-Robots-Tag: noarchive
2017-06-07 10:32:24 DEBUG headers:265 - << Vary: Accept-Encoding
2017-06-07 10:32:24 DEBUG ResponseProcessCookies:119 - Cookie accepted [atlassian.xsrf.token="AKVY-YUFR-9LM7-97AB|bb3cf7785dd8f4ea23f3f72ac3c705e4ef2c947c|lout", version:0, domain:jira.atlassian.com, path:/, expiry:null]
2017-06-07 10:32:24 DEBUG DefaultHttpClient:509 - Connection can be kept alive indefinitely
2017-06-07 10:32:24 DEBUG wire:73 -  << "3c1[\r][\n]"
2017-06-07 10:32:24 DEBUG wire:87 -  << "{"self":"https://jira.atlassian.com/rest/api/latest/filter/12844","id":"12844","name":"All JIRA Bugs","owner":{"self":"https://jira.atlassian.com/rest/api/2/user?username=scott@atlassian.com","key":"scott@atlassian.com","name":"scott@atlassian.com","avatarUrls":{"48x48":"https://jira.atlassian.com/secure/useravatar?avatarId=10612","24x24":"https://jira.atlassian.com/secure/useravatar?size=small&avatarId=10612","16x16":"https://jira.atlassian.com/secure/useravatar?size=xsmall&avatarId=10612","32x32":"https://jira.atlassian.com/secure/useravatar?size=medium&avatarId=10612"},"displayName":"Scott Farquhar","active":true},"jql":"project = 10240 AND issuetype = 1 ORDER BY key DESC","viewUrl":"https://jira.atlassian.com/issues/?filter=12844","searchUrl":"https://jira.atlassian.com/rest/api/latest/search?jql=project+%3D+10240+AND+issuetype+%3D+1+ORDER+BY+key+DESC","favourite":false,"sharePermissions":[{"id":10049,"type":"global"}],"sharedUsers":{"size":0,"
2017-06-07 10:32:24 DEBUG wire:73 -  << "[\r][\n]"
2017-06-07 10:32:24 DEBUG wire:73 -  << "94[\r][\n]"
2017-06-07 10:32:24 DEBUG wire:87 -  << ""items":[],"max-results":1000,"start-index":0,"end-index":0},"subscriptions":{"size":0,"items":[],"max-results":1000,"start-index":0,"end-index":0}}"
2017-06-07 10:32:24 DEBUG wire:73 -  << "[\r][\n]"
2017-06-07 10:32:24 DEBUG wire:73 -  << "0[\r][\n]"
2017-06-07 10:32:24 DEBUG wire:73 -  << "[\r][\n]"
2017-06-07 10:32:24 DEBUG PoolingClientConnectionManager:268 - Connection [id: 0][route: {s}->https://jira.atlassian.com:443] can be kept alive indefinitely
2017-06-07 10:32:24 DEBUG PoolingClientConnectionManager:275 - Connection released: [id: 0][route: {s}->https://jira.atlassian.com:443][total kept alive: 1; route allocated: 1 of 20; total allocated: 1 of 40]
2017-06-07 10:32:24 DEBUG PoolingClientConnectionManager:282 - Connection manager is shutting down
2017-06-07 10:32:24 DEBUG DefaultClientConnection:180 - Connection 0.0.0.0:34006<->104.192.142.43:443 closed
2017-06-07 10:32:24 DEBUG DefaultClientConnection:180 - Connection 0.0.0.0:34006<->104.192.142.43:443 closed
2017-06-07 10:32:24 DEBUG PoolingClientConnectionManager:288 - Connection manager shut down
2017-06-07 10:55:22 DEBUG PoolingClientConnectionManager:185 - Connection request: [route: {s}->https://jira.atlassian.com:443][total kept alive: 0; route allocated: 0 of 20; total allocated: 0 of 40]
2017-06-07 10:55:22 DEBUG PoolingClientConnectionManager:219 - Connection leased: [id: 0][route: {s}->https://jira.atlassian.com:443][total kept alive: 0; route allocated: 1 of 20; total allocated: 1 of 40]
2017-06-07 10:55:22 DEBUG DefaultClientConnectionOperator:177 - Connecting to jira.atlassian.com:443
2017-06-07 10:55:22 DEBUG RequestAddCookies:123 - CookieSpec selected: default
2017-06-07 10:55:22 DEBUG RequestAuthCache:77 - Auth cache not set in the context
2017-06-07 10:55:22 DEBUG RequestTargetAuthentication:80 - Target auth state: UNCHALLENGED
2017-06-07 10:55:22 DEBUG RequestProxyAuthentication:89 - Proxy auth state: UNCHALLENGED
2017-06-07 10:55:22 DEBUG DefaultHttpClient:682 - Attempt 1 to execute request
2017-06-07 10:55:22 DEBUG DefaultClientConnection:274 - Sending request: GET /rest/api/latest/filter/12844 HTTP/1.1
2017-06-07 10:55:22 DEBUG wire:73 -  >> "GET /rest/api/latest/filter/12844 HTTP/1.1[\r][\n]"
2017-06-07 10:55:22 DEBUG wire:73 -  >> "Accept: application/json[\r][\n]"
2017-06-07 10:55:22 DEBUG wire:73 -  >> "Host: jira.atlassian.com[\r][\n]"
2017-06-07 10:55:22 DEBUG wire:73 -  >> "Connection: Keep-Alive[\r][\n]"
2017-06-07 10:55:22 DEBUG wire:73 -  >> "User-Agent: Apache-HttpClient/4.5.3 (Java/1.8.0_131)[\r][\n]"
2017-06-07 10:55:22 DEBUG wire:73 -  >> "[\r][\n]"
2017-06-07 10:55:22 DEBUG headers:278 - >> GET /rest/api/latest/filter/12844 HTTP/1.1
2017-06-07 10:55:22 DEBUG headers:281 - >> Accept: application/json
2017-06-07 10:55:22 DEBUG headers:281 - >> Host: jira.atlassian.com
2017-06-07 10:55:22 DEBUG headers:281 - >> Connection: Keep-Alive
2017-06-07 10:55:22 DEBUG headers:281 - >> User-Agent: Apache-HttpClient/4.5.3 (Java/1.8.0_131)
2017-06-07 10:55:22 DEBUG wire:73 -  << "HTTP/1.1 200 OK[\r][\n]"
2017-06-07 10:55:22 DEBUG wire:73 -  << "Date: Wed, 07 Jun 2017 15:55:22 GMT[\r][\n]"
2017-06-07 10:55:22 DEBUG wire:73 -  << "Content-Type: application/json;charset=UTF-8[\r][\n]"
2017-06-07 10:55:22 DEBUG wire:73 -  << "Transfer-Encoding: chunked[\r][\n]"
2017-06-07 10:55:22 DEBUG wire:73 -  << "Connection: keep-alive[\r][\n]"
2017-06-07 10:55:22 DEBUG wire:73 -  << "X-AREQUESTID: 955x11160536x1[\r][\n]"
2017-06-07 10:55:22 DEBUG wire:73 -  << "X-ANODEID: node1[\r][\n]"
2017-06-07 10:55:23 DEBUG wire:73 -  << "X-ASEN: TestSEN[\r][\n]"
2017-06-07 10:55:23 DEBUG wire:73 -  << "X-AUSERNAME: anonymous[\r][\n]"
2017-06-07 10:55:23 DEBUG wire:73 -  << "Cache-Control: no-cache, no-store, no-transform[\r][\n]"
2017-06-07 10:55:23 DEBUG wire:73 -  << "X-Content-Type-Options: nosniff[\r][\n]"
2017-06-07 10:55:23 DEBUG wire:73 -  << "Set-Cookie: atlassian.xsrf.token=AKVY-YUFR-9LM7-97AB|34fad47d3a4f4784b450cf08f9f0148637b9d7c7|lout;path=/;Secure[\r][\n]"
2017-06-07 10:55:23 DEBUG wire:73 -  << "X-Robots-Tag: noarchive[\r][\n]"
2017-06-07 10:55:23 DEBUG wire:73 -  << "Vary: Accept-Encoding[\r][\n]"
2017-06-07 10:55:23 DEBUG wire:73 -  << "[\r][\n]"
2017-06-07 10:55:23 DEBUG DefaultClientConnection:259 - Receiving response: HTTP/1.1 200 OK
2017-06-07 10:55:23 DEBUG headers:262 - << HTTP/1.1 200 OK
2017-06-07 10:55:23 DEBUG headers:265 - << Date: Wed, 07 Jun 2017 15:55:22 GMT
2017-06-07 10:55:23 DEBUG headers:265 - << Content-Type: application/json;charset=UTF-8
2017-06-07 10:55:23 DEBUG headers:265 - << Transfer-Encoding: chunked
2017-06-07 10:55:23 DEBUG headers:265 - << Connection: keep-alive
2017-06-07 10:55:23 DEBUG headers:265 - << X-AREQUESTID: 955x11160536x1
2017-06-07 10:55:23 DEBUG headers:265 - << X-ANODEID: node1
2017-06-07 10:55:23 DEBUG headers:265 - << X-ASEN: TestSEN
2017-06-07 10:55:23 DEBUG headers:265 - << X-AUSERNAME: anonymous
2017-06-07 10:55:23 DEBUG headers:265 - << Cache-Control: no-cache, no-store, no-transform
2017-06-07 10:55:23 DEBUG headers:265 - << X-Content-Type-Options: nosniff
2017-06-07 10:55:23 DEBUG headers:265 - << Set-Cookie: atlassian.xsrf.token=AKVY-YUFR-9LM7-97AB|34fad47d3a4f4784b450cf08f9f0148637b9d7c7|lout;path=/;Secure
2017-06-07 10:55:23 DEBUG headers:265 - << X-Robots-Tag: noarchive
2017-06-07 10:55:23 DEBUG headers:265 - << Vary: Accept-Encoding
2017-06-07 10:55:23 DEBUG ResponseProcessCookies:119 - Cookie accepted [atlassian.xsrf.token="AKVY-YUFR-9LM7-97AB|34fad47d3a4f4784b450cf08f9f0148637b9d7c7|lout", version:0, domain:jira.atlassian.com, path:/, expiry:null]
2017-06-07 10:55:23 DEBUG DefaultHttpClient:509 - Connection can be kept alive indefinitely
2017-06-07 10:55:23 DEBUG wire:73 -  << "3c1[\r][\n]"
2017-06-07 10:55:23 DEBUG wire:87 -  << "{"self":"https://jira.atlassian.com/rest/api/latest/filter/12844","id":"12844","name":"All JIRA Bugs","owner":{"self":"https://jira.atlassian.com/rest/api/2/user?username=scott@atlassian.com","key":"scott@atlassian.com","name":"scott@atlassian.com","avatarUrls":{"48x48":"https://jira.atlassian.com/secure/useravatar?avatarId=10612","24x24":"https://jira.atlassian.com/secure/useravatar?size=small&avatarId=10612","16x16":"https://jira.atlassian.com/secure/useravatar?size=xsmall&avatarId=10612","32x32":"https://jira.atlassian.com/secure/useravatar?size=medium&avatarId=10612"},"displayName":"Scott Farquhar","active":true},"jql":"project = 10240 AND issuetype = 1 ORDER BY key DESC","viewUrl":"https://jira.atlassian.com/issues/?filter=12844","searchUrl":"https://jira.atlassian.com/rest/api/latest/search?jql=project+%3D+10240+AND+issuetype+%3D+1+ORDER+BY+key+DESC","favourite":false,"sharePermissions":[{"id":10049,"type":"global"}],"sharedUsers":{"size":0,"
2017-06-07 10:55:23 DEBUG wire:73 -  << "[\r][\n]"
2017-06-07 10:55:23 DEBUG wire:73 -  << "94[\r][\n]"
2017-06-07 10:55:23 DEBUG wire:87 -  << ""items":[],"max-results":1000,"start-index":0,"end-index":0},"subscriptions":{"size":0,"items":[],"max-results":1000,"start-index":0,"end-index":0}}"
2017-06-07 10:55:23 DEBUG wire:73 -  << "[\r][\n]"
2017-06-07 10:55:23 DEBUG wire:73 -  << "0[\r][\n]"
2017-06-07 10:55:23 DEBUG wire:73 -  << "[\r][\n]"
2017-06-07 10:55:23 DEBUG PoolingClientConnectionManager:268 - Connection [id: 0][route: {s}->https://jira.atlassian.com:443] can be kept alive indefinitely
2017-06-07 10:55:23 DEBUG PoolingClientConnectionManager:275 - Connection released: [id: 0][route: {s}->https://jira.atlassian.com:443][total kept alive: 1; route allocated: 1 of 20; total allocated: 1 of 40]
2017-06-07 10:55:23 DEBUG PoolingClientConnectionManager:282 - Connection manager is shutting down
2017-06-07 10:55:23 DEBUG DefaultClientConnection:180 - Connection 0.0.0.0:52706<->104.192.142.45:443 closed
2017-06-07 10:55:23 DEBUG DefaultClientConnection:180 - Connection 0.0.0.0:52706<->104.192.142.45:443 closed
2017-06-07 10:55:23 DEBUG PoolingClientConnectionManager:288 - Connection manager shut down
